Start testing: Oct 01 07:11 EEST
----------------------------------------------------------
1/1 Testing: catch_test
1/1 Test: catch_test
Command: "/home/masinde/cppt_test/Testing/UNitTesting/build/cpp_test" "--success"
Directory: /home/masinde/cppt_test/Testing/UNitTesting/build
"catch_test" start time: Oct 01 07:11 EEST
Output:
----------------------------------------------------------

~~~~~~~~~~~~~~~~~~~~~~~~~~~~~~~~~~~~~~~~~~~~~~~~~~~~~~~~~~~~~~~~~~~~~~~~~~~~~~~
cpp_test is a Catch v2.0.1 host application.
Run with -? for options

-------------------------------------------------------------------------------
Sum of integers for a short vector
-------------------------------------------------------------------------------
/home/masinde/cppt_test/Testing/UNitTesting/test.cpp:10
...............................................................................

/home/masinde/cppt_test/Testing/UNitTesting/test.cpp:12: 
PASSED:
  REQUIRE( sum_integers(integers) == 15 )
with expansion:
  15 == 15

-------------------------------------------------------------------------------
Sum of integers for a longer vector
-------------------------------------------------------------------------------
/home/masinde/cppt_test/Testing/UNitTesting/test.cpp:15
...............................................................................

/home/masinde/cppt_test/Testing/UNitTesting/test.cpp:20: 
PASSED:
  REQUIRE( sum_integers(integers) == 500500 )
with expansion:
  500500 (0x7a314) == 500500 (0x7a314)

===============================================================================
All tests passed (2 assertions in 2 test cases)

<end of output>
Test time =   0.00 sec
----------------------------------------------------------
Test Passed.
"catch_test" end time: Oct 01 07:11 EEST
"catch_test" time elapsed: 00:00:00
----------------------------------------------------------

End testing: Oct 01 07:11 EEST
